2025-07-02 18:00:53,337 INFO: === Batch Ingestor Started ===
2025-07-02 18:00:53,992 INFO: SUCCESS: L2 summary: state=PR, L2=60000, year=2015 (attempt 1)
2025-07-02 18:00:55,113 INFO: SUCCESS: L2 summary: state=PR, L2=60100, year=2015 (attempt 1)
2025-07-02 18:00:56,215 INFO: SUCCESS: L2 summary: state=PR, L2=1000, year=2015 (attempt 1)
2025-07-02 18:00:57,318 INFO: SUCCESS: City details: city=5387, L2=60000, year=2015 (attempt 1)
2025-07-02 18:00:58,413 INFO: SUCCESS: City details: city=5387, L2=60100, year=2015 (attempt 1)
2025-07-02 18:00:59,494 INFO: SUCCESS: City details: city=5387, L2=1000, year=2015 (attempt 1)
2025-07-02 18:01:00,589 INFO: SUCCESS: City details: city=5329, L2=60000, year=2015 (attempt 1)
2025-07-02 18:01:01,679 INFO: SUCCESS: City details: city=5329, L2=60100, year=2015 (attempt 1)
2025-07-02 18:01:02,779 INFO: SUCCESS: City details: city=5329, L2=1000, year=2015 (attempt 1)
2025-07-02 18:01:03,874 INFO: SUCCESS: City details: city=5340, L2=60000, year=2015 (attempt 1)
2025-07-02 18:01:04,974 INFO: SUCCESS: City details: city=5340, L2=60100, year=2015 (attempt 1)
2025-07-02 18:01:06,070 INFO: SUCCESS: City details: city=5340, L2=1000, year=2015 (attempt 1)
2025-07-02 18:01:07,072 INFO: === Batch Ingestor Finished: L2 success=3, L2 fail=0, City success=9, City fail=0 ===
2025-07-02 18:11:27,144 INFO: === Batch Ingestor Started ===
2025-07-02 18:11:27,438 INFO: SUCCESS: L2 summary: state=PR, L2=60000, year=2015 (attempt 1)
2025-07-02 18:11:28,523 INFO: SUCCESS: L2 summary: state=PR, L2=60100, year=2015 (attempt 1)
2025-07-02 18:11:29,617 INFO: SUCCESS: L2 summary: state=PR, L2=1000, year=2015 (attempt 1)
2025-07-02 18:11:30,716 INFO: SUCCESS: City details: city=5387, L2=60000, year=2015 (attempt 1)
2025-07-02 18:11:31,798 INFO: SUCCESS: City details: city=5387, L2=60100, year=2015 (attempt 1)
2025-07-02 18:11:32,888 INFO: SUCCESS: City details: city=5387, L2=1000, year=2015 (attempt 1)
2025-07-02 18:11:33,965 INFO: SUCCESS: City details: city=5329, L2=60000, year=2015 (attempt 1)
2025-07-02 18:11:35,044 INFO: SUCCESS: City details: city=5329, L2=60100, year=2015 (attempt 1)
2025-07-02 18:11:36,141 INFO: SUCCESS: City details: city=5329, L2=1000, year=2015 (attempt 1)
2025-07-02 18:11:37,223 INFO: SUCCESS: City details: city=5340, L2=60000, year=2015 (attempt 1)
2025-07-02 18:11:38,298 INFO: SUCCESS: City details: city=5340, L2=60100, year=2015 (attempt 1)
2025-07-02 18:11:39,404 INFO: SUCCESS: City details: city=5340, L2=1000, year=2015 (attempt 1)
2025-07-02 18:11:40,408 INFO: Wrote filelist.json with 12 files to data/filelist.json
2025-07-02 18:11:40,409 INFO: === Batch Ingestor Finished: L2 success=3, L2 fail=0, City success=9, City fail=0 ===
2025-07-02 19:11:20,572 INFO: === Batch Ingestor Started ===
2025-07-02 19:11:45,751 INFO: SUCCESS: L2 summary: state=PR, L2=60000, year=2015 (attempt 1)
2025-07-02 19:11:46,877 INFO: SUCCESS: L2 summary: state=PR, L2=60100, year=2015 (attempt 1)
2025-07-02 19:11:47,993 INFO: SUCCESS: L2 summary: state=PR, L2=1000, year=2015 (attempt 1)
2025-07-02 19:11:49,099 INFO: SUCCESS: City details: city=5387, L2=60000, year=2015 (attempt 1)
2025-07-02 19:11:51,179 INFO: SUCCESS: City details: city=5387, L2=60100, year=2015 (attempt 1)
2025-07-02 19:11:52,309 INFO: SUCCESS: City details: city=5387, L2=1000, year=2015 (attempt 1)
2025-07-02 19:11:54,149 INFO: SUCCESS: City details: city=5329, L2=60000, year=2015 (attempt 1)
2025-07-02 19:11:56,199 INFO: SUCCESS: City details: city=5329, L2=60100, year=2015 (attempt 1)
2025-07-02 19:11:58,246 INFO: SUCCESS: City details: city=5329, L2=1000, year=2015 (attempt 1)
2025-07-02 19:12:00,192 INFO: SUCCESS: City details: city=5340, L2=60000, year=2015 (attempt 1)
2025-07-02 19:12:02,345 INFO: SUCCESS: City details: city=5340, L2=60100, year=2015 (attempt 1)
2025-07-02 19:12:04,390 INFO: SUCCESS: City details: city=5340, L2=1000, year=2015 (attempt 1)
2025-07-02 19:12:05,392 INFO: Wrote filelist.json with 12 files to data/filelist.json
2025-07-02 19:12:05,399 INFO: === Batch Ingestor Finished: L2 success=3, L2 fail=0, City success=9, City fail=0 ===
2025-07-02 19:14:42,422 INFO: === Batch Ingestor Started ===
2025-07-02 19:14:42,714 INFO: SUCCESS: L2 summary: state=PR, L2=60000, year=2015 (attempt 1)
2025-07-02 19:14:43,818 INFO: SUCCESS: L2 summary: state=PR, L2=60100, year=2015 (attempt 1)
2025-07-02 19:14:44,937 INFO: SUCCESS: L2 summary: state=PR, L2=1000, year=2015 (attempt 1)
2025-07-02 19:14:47,016 INFO: SUCCESS: City details: city=5387, L2=60000, year=2015 (attempt 1)
2025-07-02 19:14:48,109 INFO: SUCCESS: City details: city=5387, L2=60100, year=2015 (attempt 1)
2025-07-02 19:14:49,209 INFO: SUCCESS: City details: city=5387, L2=1000, year=2015 (attempt 1)
2025-07-02 19:14:50,297 INFO: SUCCESS: City details: city=5329, L2=60000, year=2015 (attempt 1)
2025-07-02 19:14:51,438 INFO: SUCCESS: City details: city=5329, L2=60100, year=2015 (attempt 1)
2025-07-02 19:14:52,527 INFO: SUCCESS: City details: city=5329, L2=1000, year=2015 (attempt 1)
2025-07-02 19:14:53,672 INFO: SUCCESS: City details: city=5340, L2=60000, year=2015 (attempt 1)
2025-07-02 19:14:54,767 INFO: SUCCESS: City details: city=5340, L2=60100, year=2015 (attempt 1)
2025-07-02 19:14:55,897 INFO: SUCCESS: City details: city=5340, L2=1000, year=2015 (attempt 1)
2025-07-02 19:14:56,900 INFO: Wrote filelist.json with 12 files to data/filelist.json
2025-07-02 19:14:56,901 INFO: === Batch Ingestor Finished: L2 success=3, L2 fail=0, City success=9, City fail=0 ===
2025-07-02 21:13:59,688 INFO: === Batch Ingestor Started ===
2025-07-02 21:14:01,225 INFO: SUCCESS: L2 summary: state=PR, L2=60000, year=2015 (attempt 1)
2025-07-02 21:14:02,343 INFO: SUCCESS: L2 summary: state=PR, L2=60100, year=2015 (attempt 1)
2025-07-02 21:14:06,200 INFO: SUCCESS: L2 summary: state=PR, L2=1000, year=2015 (attempt 1)
2025-07-02 21:14:09,170 INFO: SUCCESS: L2 summary: state=PR, L2=5000, year=2015 (attempt 1)
2025-07-02 21:14:11,013 INFO: SUCCESS: L2 summary: state=PR, L2=7500, year=2015 (attempt 1)
2025-07-02 21:14:13,467 INFO: SUCCESS: L2 summary: state=PR, L2=24003, year=2015 (attempt 1)
2025-07-02 21:14:15,515 INFO: SUCCESS: L2 summary: state=PR, L2=25000, year=2015 (attempt 1)
2025-07-02 21:14:17,768 INFO: SUCCESS: L2 summary: state=PR, L2=50000, year=2015 (attempt 1)
2025-07-02 21:14:19,616 INFO: SUCCESS: L2 summary: state=PR, L2=51000, year=2015 (attempt 1)
2025-07-02 21:14:22,068 INFO: SUCCESS: L2 summary: state=PR, L2=52000, year=2015 (attempt 1)
2025-07-02 21:14:24,219 INFO: SUCCESS: L2 summary: state=PR, L2=80000, year=2015 (attempt 1)
2025-07-02 21:14:26,267 INFO: SUCCESS: L2 summary: state=PR, L2=81000, year=2015 (attempt 1)
2025-07-02 21:14:28,315 INFO: SUCCESS: L2 summary: state=PR, L2=82000, year=2015 (attempt 1)
2025-07-02 21:14:30,474 INFO: SUCCESS: L2 summary: state=PR, L2=90000, year=2015 (attempt 1)
2025-07-02 21:14:32,308 INFO: SUCCESS: L2 summary: state=PR, L2=91000, year=2015 (attempt 1)
2025-07-02 21:14:34,311 INFO: SUCCESS: L2 summary: state=PR, L2=92000, year=2015 (attempt 1)
2025-07-02 21:14:36,405 INFO: SUCCESS: L2 summary: state=PR, L2=93000, year=2015 (attempt 1)
2025-07-02 21:14:38,455 INFO: SUCCESS: L2 summary: state=PR, L2=94000, year=2015 (attempt 1)
2025-07-02 21:14:39,543 INFO: SUCCESS: City details: city=5329, L2=60000, year=2015 (attempt 1)
2025-07-02 21:14:40,635 INFO: SUCCESS: City details: city=5329, L2=60100, year=2015 (attempt 1)
2025-07-02 21:14:41,735 INFO: SUCCESS: City details: city=5329, L2=1000, year=2015 (attempt 1)
2025-07-02 21:14:43,986 INFO: SUCCESS: City details: city=5329, L2=5000, year=2015 (attempt 1)
2025-07-02 21:14:45,828 INFO: SUCCESS: City details: city=5329, L2=7500, year=2015 (attempt 1)
2025-07-02 21:14:47,670 INFO: SUCCESS: City details: city=5329, L2=24003, year=2015 (attempt 1)
2025-07-02 21:14:49,717 INFO: SUCCESS: City details: city=5329, L2=25000, year=2015 (attempt 1)
2025-07-02 21:14:51,564 INFO: SUCCESS: City details: city=5329, L2=50000, year=2015 (attempt 1)
2025-07-02 21:14:53,611 INFO: SUCCESS: City details: city=5329, L2=51000, year=2015 (attempt 1)
2025-07-02 21:14:56,378 INFO: SUCCESS: City details: city=5329, L2=52000, year=2015 (attempt 1)
2025-07-02 21:14:58,216 INFO: SUCCESS: City details: city=5329, L2=80000, year=2015 (attempt 1)
2025-07-02 21:15:00,267 INFO: SUCCESS: City details: city=5329, L2=81000, year=2015 (attempt 1)
2025-07-02 21:15:03,029 INFO: SUCCESS: City details: city=5329, L2=82000, year=2015 (attempt 1)
2025-07-02 21:15:05,179 INFO: SUCCESS: City details: city=5329, L2=90000, year=2015 (attempt 1)
2025-07-02 21:15:07,023 INFO: SUCCESS: City details: city=5329, L2=91000, year=2015 (attempt 1)
2025-07-02 21:15:09,173 INFO: SUCCESS: City details: city=5329, L2=92000, year=2015 (attempt 1)
2025-07-02 21:15:11,016 INFO: SUCCESS: City details: city=5329, L2=93000, year=2015 (attempt 1)
2025-07-02 21:15:12,860 INFO: SUCCESS: City details: city=5329, L2=94000, year=2015 (attempt 1)
2025-07-02 21:15:13,862 INFO: Wrote filelist.json with 42 files to data/filelist.json
2025-07-02 21:15:13,863 INFO: === Batch Ingestor Finished: L2 success=18, L2 fail=0, City success=18, City fail=0 ===
2025-07-03 14:36:05,920 INFO: === Batch Ingestor Started ===
2025-07-03 14:36:06,496 INFO: SUCCESS: mapa-dados request: state=PR, L2=1000, year=2015 (attempt 1)
2025-07-03 14:36:09,532 INFO: SUCCESS: mapa-dados request: state=PR, L2=1001, year=2015 (attempt 1)
2025-07-03 14:36:11,602 INFO: SUCCESS: mapa-dados request: state=PR, L2=1002, year=2015 (attempt 1)
2025-07-03 14:36:13,713 INFO: SUCCESS: mapa-dados request: state=PR, L2=1003, year=2015 (attempt 1)
2025-07-03 14:36:15,799 INFO: SUCCESS: mapa-dados request: state=PR, L2=1004, year=2015 (attempt 1)
2025-07-03 14:36:17,847 INFO: SUCCESS: mapa-dados request: state=PR, L2=1005, year=2015 (attempt 1)
2025-07-03 14:36:19,896 INFO: SUCCESS: mapa-dados request: state=PR, L2=1006, year=2015 (attempt 1)
2025-07-03 14:36:21,739 INFO: SUCCESS: mapa-dados request: state=PR, L2=1007, year=2015 (attempt 1)
2025-07-03 14:36:23,584 INFO: SUCCESS: mapa-dados request: state=PR, L2=1008, year=2015 (attempt 1)
2025-07-03 14:36:25,734 INFO: SUCCESS: mapa-dados request: state=PR, L2=1009, year=2015 (attempt 1)
2025-07-03 14:36:27,167 INFO: SUCCESS: mapa-dados request: state=PR, L2=1010, year=2015 (attempt 1)
2025-07-03 14:36:29,214 INFO: SUCCESS: mapa-dados request: state=PR, L2=1011, year=2015 (attempt 1)
2025-07-03 14:36:31,058 INFO: SUCCESS: mapa-dados request: state=PR, L2=1012, year=2015 (attempt 1)
2025-07-03 14:36:33,105 INFO: SUCCESS: mapa-dados request: state=PR, L2=1013, year=2015 (attempt 1)
2025-07-03 14:36:35,156 INFO: SUCCESS: mapa-dados request: state=PR, L2=1014, year=2017 (attempt 1)
2025-07-03 14:36:37,204 INFO: SUCCESS: mapa-dados request: state=PR, L2=1015, year=2018 (attempt 1)
2025-07-03 14:36:39,044 INFO: SUCCESS: mapa-dados request: state=PR, L2=1016, year=2014 (attempt 1)
2025-07-03 14:36:40,889 INFO: SUCCESS: mapa-dados request: state=PR, L2=1017, year=2010 (attempt 1)
2025-07-03 14:36:42,732 INFO: SUCCESS: mapa-dados request: state=PR, L2=1018, year=2013 (attempt 1)
2025-07-03 14:36:44,575 INFO: SUCCESS: mapa-dados request: state=PR, L2=1019, year=2013 (attempt 1)
2025-07-03 14:36:46,624 INFO: SUCCESS: mapa-dados request: state=PR, L2=1020, year=2010 (attempt 1)
2025-07-03 14:36:48,467 INFO: SUCCESS: mapa-dados request: state=PR, L2=1021, year=2013 (attempt 1)
2025-07-03 14:36:50,309 INFO: SUCCESS: mapa-dados request: state=PR, L2=1022, year=2013 (attempt 1)
2025-07-03 14:36:52,094 INFO: SUCCESS: mapa-dados request: state=PR, L2=1023, year=2015 (attempt 1)
2025-07-03 14:36:54,099 INFO: SUCCESS: mapa-dados request: state=PR, L2=1024, year=2016 (attempt 1)
2025-07-03 14:36:56,147 INFO: SUCCESS: mapa-dados request: state=PR, L2=1025, year=2015 (attempt 1)
2025-07-03 14:36:57,990 INFO: SUCCESS: mapa-dados request: state=PR, L2=1026, year=2017 (attempt 1)
2025-07-03 14:36:59,936 INFO: SUCCESS: mapa-dados request: state=PR, L2=1027, year=2016 (attempt 1)
2025-07-03 14:37:01,984 INFO: SUCCESS: mapa-dados request: state=PR, L2=1028, year=2015 (attempt 1)
2025-07-03 14:37:03,816 INFO: SUCCESS: mapa-dados request: state=PR, L2=1029, year=2010 (attempt 1)
2025-07-03 14:37:05,260 INFO: SUCCESS: mapa-dados request: state=PR, L2=1030, year=2013 (attempt 1)
2025-07-03 14:37:07,309 INFO: SUCCESS: mapa-dados request: state=PR, L2=1031, year=2010 (attempt 1)
2025-07-03 14:37:09,971 INFO: SUCCESS: mapa-dados request: state=PR, L2=1032, year=2015 (attempt 1)
2025-07-03 14:37:12,018 INFO: SUCCESS: mapa-dados request: state=PR, L2=1033, year=2013 (attempt 1)
2025-07-03 14:37:14,067 INFO: SUCCESS: mapa-dados request: state=PR, L2=1034, year=2016 (attempt 1)
2025-07-03 14:37:15,910 INFO: SUCCESS: mapa-dados request: state=PR, L2=1035, year=2015 (attempt 1)
2025-07-03 14:37:17,754 INFO: SUCCESS: mapa-dados request: state=PR, L2=1036, year=2015 (attempt 1)
2025-07-03 14:37:18,766 INFO: === Batch Ingestor Finished: 37 indicators processed with success, 0 failures===
2025-07-03 15:08:56,354 INFO: === Batch Ingestor Started ===
2025-07-03 15:08:56,719 INFO: SUCCESS: mapa-dados request: state=PR, L2=1000, year=2015 (attempt 1)
2025-07-03 15:08:57,831 INFO: SUCCESS: mapa-dados request: state=PR, L2=5000, year=2015 (attempt 1)
2025-07-03 15:08:58,997 INFO: SUCCESS: mapa-dados request: state=PR, L2=7500, year=2015 (attempt 1)
2025-07-03 15:09:02,572 INFO: SUCCESS: mapa-dados request: state=PR, L2=24003, year=2019 (attempt 1)
2025-07-03 15:09:04,592 INFO: SUCCESS: mapa-dados request: state=PR, L2=25000, year=2019 (attempt 1)
2025-07-03 15:09:06,668 INFO: SUCCESS: mapa-dados request: state=PR, L2=40000, year=2020 (attempt 1)
2025-07-03 15:09:08,922 INFO: SUCCESS: mapa-dados request: state=PR, L2=40100, year=2020 (attempt 1)
2025-07-03 15:09:10,971 INFO: SUCCESS: mapa-dados request: state=PR, L2=40200, year=2020 (attempt 1)
2025-07-03 15:09:13,427 INFO: SUCCESS: mapa-dados request: state=PR, L2=50000, year=2020 (attempt 1)
2025-07-03 15:09:15,474 INFO: SUCCESS: mapa-dados request: state=PR, L2=51000, year=2020 (attempt 1)
2025-07-03 15:09:17,319 INFO: SUCCESS: mapa-dados request: state=PR, L2=52000, year=2020 (attempt 1)
2025-07-03 15:09:19,468 INFO: SUCCESS: mapa-dados request: state=PR, L2=60000, year=2015 (attempt 1)
2025-07-03 15:09:20,610 INFO: SUCCESS: mapa-dados request: state=PR, L2=60100, year=2015 (attempt 1)
2025-07-03 15:09:22,639 INFO: SUCCESS: mapa-dados request: state=PR, L2=80000, year=2021 (attempt 1)
2025-07-03 15:09:24,688 INFO: SUCCESS: mapa-dados request: state=PR, L2=81000, year=2021 (attempt 1)
2025-07-03 15:09:26,531 INFO: SUCCESS: mapa-dados request: state=PR, L2=82000, year=2021 (attempt 1)
2025-07-03 15:09:28,374 INFO: SUCCESS: mapa-dados request: state=PR, L2=90000, year=2021 (attempt 1)
2025-07-03 15:09:30,218 INFO: SUCCESS: mapa-dados request: state=PR, L2=91000, year=2021 (attempt 1)
2025-07-03 15:09:32,060 INFO: SUCCESS: mapa-dados request: state=PR, L2=92000, year=2021 (attempt 1)
2025-07-03 15:09:33,903 INFO: SUCCESS: mapa-dados request: state=PR, L2=93000, year=2021 (attempt 1)
2025-07-03 15:09:41,891 INFO: SUCCESS: mapa-dados request: state=PR, L2=94000, year=2021 (attempt 1)
2025-07-03 15:09:42,986 INFO: SUCCESS: mapa-dados request: state=PR, L2=1001, year=2015 (attempt 1)
2025-07-03 15:09:44,084 INFO: SUCCESS: mapa-dados request: state=PR, L2=1002, year=2015 (attempt 1)
2025-07-03 15:09:45,185 INFO: SUCCESS: mapa-dados request: state=PR, L2=1003, year=2015 (attempt 1)
2025-07-03 15:09:47,219 INFO: SUCCESS: mapa-dados request: state=PR, L2=5001, year=2015 (attempt 1)
2025-07-03 15:09:49,062 INFO: SUCCESS: mapa-dados request: state=PR, L2=5002, year=2015 (attempt 1)
2025-07-03 15:09:51,109 INFO: SUCCESS: mapa-dados request: state=PR, L2=5003, year=2015 (attempt 1)
2025-07-03 15:09:53,466 INFO: SUCCESS: mapa-dados request: state=PR, L2=7501, year=2015 (attempt 1)
2025-07-03 15:09:55,309 INFO: SUCCESS: mapa-dados request: state=PR, L2=7502, year=2015 (attempt 1)
2025-07-03 15:09:57,359 INFO: SUCCESS: mapa-dados request: state=PR, L2=7503, year=2015 (attempt 1)
2025-07-03 15:09:59,337 INFO: SUCCESS: mapa-dados request: state=PR, L2=24019, year=2019 (attempt 1)
2025-07-03 15:10:01,146 INFO: SUCCESS: mapa-dados request: state=PR, L2=24020, year=2019 (attempt 1)
2025-07-03 15:10:03,297 INFO: SUCCESS: mapa-dados request: state=PR, L2=24021, year=2019 (attempt 1)
2025-07-03 15:10:05,447 INFO: SUCCESS: mapa-dados request: state=PR, L2=24022, year=2019 (attempt 1)
2025-07-03 15:10:07,293 INFO: SUCCESS: mapa-dados request: state=PR, L2=25001, year=2019 (attempt 1)
2025-07-03 15:10:09,134 INFO: SUCCESS: mapa-dados request: state=PR, L2=25002, year=2019 (attempt 1)
2025-07-03 15:10:10,978 INFO: SUCCESS: mapa-dados request: state=PR, L2=25003, year=2019 (attempt 1)
2025-07-03 15:10:12,820 INFO: SUCCESS: mapa-dados request: state=PR, L2=40001, year=2020 (attempt 1)
2025-07-03 15:10:14,196 INFO: SUCCESS: mapa-dados request: state=PR, L2=40002, year=2020 (attempt 1)
2025-07-03 15:10:16,097 INFO: SUCCESS: mapa-dados request: state=PR, L2=40003, year=2019 (attempt 1)
2025-07-03 15:10:17,939 INFO: SUCCESS: mapa-dados request: state=PR, L2=40101, year=2020 (attempt 1)
2025-07-03 15:10:19,783 INFO: SUCCESS: mapa-dados request: state=PR, L2=40102, year=2020 (attempt 1)
2025-07-03 15:10:21,626 INFO: SUCCESS: mapa-dados request: state=PR, L2=40103, year=2020 (attempt 1)
2025-07-03 15:10:23,675 INFO: SUCCESS: mapa-dados request: state=PR, L2=40201, year=2020 (attempt 1)
2025-07-03 15:10:25,518 INFO: SUCCESS: mapa-dados request: state=PR, L2=40202, year=2020 (attempt 1)
2025-07-03 15:10:26,951 INFO: SUCCESS: mapa-dados request: state=PR, L2=40203, year=2020 (attempt 1)
2025-07-03 15:10:28,796 INFO: SUCCESS: mapa-dados request: state=PR, L2=50001, year=2020 (attempt 1)
2025-07-03 15:10:30,639 INFO: SUCCESS: mapa-dados request: state=PR, L2=50002, year=2020 (attempt 1)
2025-07-03 15:10:32,481 INFO: SUCCESS: mapa-dados request: state=PR, L2=50003, year=2020 (attempt 1)
2025-07-03 15:10:34,529 INFO: SUCCESS: mapa-dados request: state=PR, L2=51001, year=2020 (attempt 1)
2025-07-03 15:10:36,372 INFO: SUCCESS: mapa-dados request: state=PR, L2=51002, year=2020 (attempt 1)
2025-07-03 15:10:38,215 INFO: SUCCESS: mapa-dados request: state=PR, L2=51003, year=2020 (attempt 1)
2025-07-03 15:10:40,063 INFO: SUCCESS: mapa-dados request: state=PR, L2=52001, year=2020 (attempt 1)
2025-07-03 15:10:41,494 INFO: SUCCESS: mapa-dados request: state=PR, L2=52002, year=2020 (attempt 1)
2025-07-03 15:10:42,926 INFO: SUCCESS: mapa-dados request: state=PR, L2=52003, year=2020 (attempt 1)
2025-07-03 15:10:44,919 INFO: SUCCESS: mapa-dados request: state=PR, L2=60001, year=2015 (attempt 1)
2025-07-03 15:10:47,340 INFO: SUCCESS: mapa-dados request: state=PR, L2=60002, year=2015 (attempt 1)
2025-07-03 15:10:49,172 INFO: SUCCESS: mapa-dados request: state=PR, L2=60003, year=2015 (attempt 1)
2025-07-03 15:10:51,017 INFO: SUCCESS: mapa-dados request: state=PR, L2=60101, year=2015 (attempt 1)
2025-07-03 15:10:52,861 INFO: SUCCESS: mapa-dados request: state=PR, L2=60102, year=2015 (attempt 1)
2025-07-03 15:10:54,292 INFO: SUCCESS: mapa-dados request: state=PR, L2=60103, year=2015 (attempt 1)
2025-07-03 15:10:56,337 INFO: SUCCESS: mapa-dados request: state=PR, L2=80001, year=2021 (attempt 1)
2025-07-03 15:10:58,180 INFO: SUCCESS: mapa-dados request: state=PR, L2=80002, year=2021 (attempt 1)
2025-07-03 15:11:00,027 INFO: SUCCESS: mapa-dados request: state=PR, L2=80003, year=2021 (attempt 1)
2025-07-03 15:11:02,071 INFO: SUCCESS: mapa-dados request: state=PR, L2=81001, year=2021 (attempt 1)
2025-07-03 15:11:03,914 INFO: SUCCESS: mapa-dados request: state=PR, L2=81002, year=2021 (attempt 1)
2025-07-03 15:11:05,655 INFO: SUCCESS: mapa-dados request: state=PR, L2=81003, year=2021 (attempt 1)
2025-07-03 15:11:07,499 INFO: SUCCESS: mapa-dados request: state=PR, L2=82001, year=2021 (attempt 1)
2025-07-03 15:11:09,341 INFO: SUCCESS: mapa-dados request: state=PR, L2=82002, year=2021 (attempt 1)
2025-07-03 15:11:11,070 INFO: SUCCESS: mapa-dados request: state=PR, L2=82003, year=2021 (attempt 1)
2025-07-03 15:11:12,516 INFO: SUCCESS: mapa-dados request: state=PR, L2=90001, year=2021 (attempt 1)
2025-07-03 15:11:14,359 INFO: SUCCESS: mapa-dados request: state=PR, L2=90002, year=2021 (attempt 1)
2025-07-03 15:11:16,203 INFO: SUCCESS: mapa-dados request: state=PR, L2=90003, year=2021 (attempt 1)
2025-07-03 15:11:18,251 INFO: SUCCESS: mapa-dados request: state=PR, L2=91001, year=2021 (attempt 1)
2025-07-03 15:11:20,095 INFO: SUCCESS: mapa-dados request: state=PR, L2=91002, year=2021 (attempt 1)
2025-07-03 15:11:22,114 INFO: SUCCESS: mapa-dados request: state=PR, L2=91003, year=2021 (attempt 1)
2025-07-03 15:11:23,578 INFO: SUCCESS: mapa-dados request: state=PR, L2=92001, year=2021 (attempt 1)
2025-07-03 15:11:25,323 INFO: SUCCESS: mapa-dados request: state=PR, L2=92002, year=2021 (attempt 1)
2025-07-03 15:11:27,160 INFO: SUCCESS: mapa-dados request: state=PR, L2=92003, year=2021 (attempt 1)
2025-07-03 15:11:28,593 INFO: SUCCESS: mapa-dados request: state=PR, L2=93001, year=2021 (attempt 1)
2025-07-03 15:11:30,027 INFO: SUCCESS: mapa-dados request: state=PR, L2=93002, year=2021 (attempt 1)
2025-07-03 15:11:32,075 INFO: SUCCESS: mapa-dados request: state=PR, L2=93003, year=2021 (attempt 1)
2025-07-03 15:11:33,918 INFO: SUCCESS: mapa-dados request: state=PR, L2=94001, year=2021 (attempt 1)
2025-07-03 15:11:35,761 INFO: SUCCESS: mapa-dados request: state=PR, L2=94002, year=2021 (attempt 1)
2025-07-03 15:11:37,606 INFO: SUCCESS: mapa-dados request: state=PR, L2=94003, year=2021 (attempt 1)
2025-07-03 15:11:38,701 INFO: SUCCESS: mapa-dados request: state=PR, L2=1004, year=2015 (attempt 1)
2025-07-03 15:11:39,792 INFO: SUCCESS: mapa-dados request: state=PR, L2=1005, year=2015 (attempt 1)
2025-07-03 15:11:41,704 INFO: SUCCESS: mapa-dados request: state=PR, L2=5004, year=2015 (attempt 1)
2025-07-03 15:11:43,548 INFO: SUCCESS: mapa-dados request: state=PR, L2=5005, year=2015 (attempt 1)
2025-07-03 15:11:45,493 INFO: SUCCESS: mapa-dados request: state=PR, L2=7504, year=2015 (attempt 1)
2025-07-03 15:11:47,335 INFO: SUCCESS: mapa-dados request: state=PR, L2=7505, year=2015 (attempt 1)
2025-07-03 15:11:48,770 INFO: SUCCESS: mapa-dados request: state=PR, L2=25004, year=2019 (attempt 1)
2025-07-03 15:11:50,613 INFO: SUCCESS: mapa-dados request: state=PR, L2=25005, year=2019 (attempt 1)
2025-07-03 15:11:52,659 INFO: SUCCESS: mapa-dados request: state=PR, L2=40004, year=2020 (attempt 1)
2025-07-03 15:11:54,095 INFO: SUCCESS: mapa-dados request: state=PR, L2=40005, year=2020 (attempt 1)
2025-07-03 15:11:55,938 INFO: SUCCESS: mapa-dados request: state=PR, L2=40104, year=2020 (attempt 1)
2025-07-03 15:11:57,691 INFO: SUCCESS: mapa-dados request: state=PR, L2=40105, year=2020 (attempt 1)
2025-07-03 15:11:59,112 INFO: SUCCESS: mapa-dados request: state=PR, L2=40204, year=2020 (attempt 1)
2025-07-03 15:12:01,160 INFO: SUCCESS: mapa-dados request: state=PR, L2=40205, year=2020 (attempt 1)
2025-07-03 15:12:03,004 INFO: SUCCESS: mapa-dados request: state=PR, L2=50004, year=2020 (attempt 1)
2025-07-03 15:12:04,847 INFO: SUCCESS: mapa-dados request: state=PR, L2=50005, year=2020 (attempt 1)
2025-07-03 15:12:06,690 INFO: SUCCESS: mapa-dados request: state=PR, L2=51004, year=2020 (attempt 1)
2025-07-03 15:12:08,124 INFO: SUCCESS: mapa-dados request: state=PR, L2=51005, year=2020 (attempt 1)
2025-07-03 15:12:09,972 INFO: SUCCESS: mapa-dados request: state=PR, L2=52004, year=2020 (attempt 1)
2025-07-03 15:12:11,812 INFO: SUCCESS: mapa-dados request: state=PR, L2=52005, year=2020 (attempt 1)
2025-07-03 15:12:13,654 INFO: SUCCESS: mapa-dados request: state=PR, L2=60004, year=2015 (attempt 1)
2025-07-03 15:12:15,497 INFO: SUCCESS: mapa-dados request: state=PR, L2=60005, year=2015 (attempt 1)
2025-07-03 15:12:17,340 INFO: SUCCESS: mapa-dados request: state=PR, L2=60104, year=2015 (attempt 1)
2025-07-03 15:12:19,388 INFO: SUCCESS: mapa-dados request: state=PR, L2=60105, year=2015 (attempt 1)
2025-07-03 15:12:21,227 INFO: SUCCESS: mapa-dados request: state=PR, L2=80004, year=2019 (attempt 1)
2025-07-03 15:12:23,076 INFO: SUCCESS: mapa-dados request: state=PR, L2=80005, year=2021 (attempt 1)
2025-07-03 15:12:24,504 INFO: SUCCESS: mapa-dados request: state=PR, L2=80006, year=2017 (attempt 1)
2025-07-03 15:12:26,348 INFO: SUCCESS: mapa-dados request: state=PR, L2=80007, year=2017 (attempt 1)
2025-07-03 15:12:28,191 INFO: SUCCESS: mapa-dados request: state=PR, L2=80008, year=2021 (attempt 1)
2025-07-03 15:12:29,624 INFO: SUCCESS: mapa-dados request: state=PR, L2=80009, year=2021 (attempt 1)
2025-07-03 15:12:31,369 INFO: SUCCESS: mapa-dados request: state=PR, L2=80010, year=2021 (attempt 1)
2025-07-03 15:12:33,413 INFO: SUCCESS: mapa-dados request: state=PR, L2=81004, year=2019 (attempt 1)
2025-07-03 15:12:34,847 INFO: SUCCESS: mapa-dados request: state=PR, L2=81005, year=2021 (attempt 1)
2025-07-03 15:12:36,895 INFO: SUCCESS: mapa-dados request: state=PR, L2=81006, year=2017 (attempt 1)
2025-07-03 15:12:38,944 INFO: SUCCESS: mapa-dados request: state=PR, L2=81007, year=2017 (attempt 1)
2025-07-03 15:12:40,992 INFO: SUCCESS: mapa-dados request: state=PR, L2=81008, year=2021 (attempt 1)
2025-07-03 15:12:42,834 INFO: SUCCESS: mapa-dados request: state=PR, L2=81009, year=2021 (attempt 1)
2025-07-03 15:12:44,882 INFO: SUCCESS: mapa-dados request: state=PR, L2=82004, year=2021 (attempt 1)
2025-07-03 15:12:46,627 INFO: SUCCESS: mapa-dados request: state=PR, L2=82005, year=2017 (attempt 1)
2025-07-03 15:12:48,057 INFO: SUCCESS: mapa-dados request: state=PR, L2=82006, year=2017 (attempt 1)
2025-07-03 15:12:49,900 INFO: SUCCESS: mapa-dados request: state=PR, L2=82007, year=2021 (attempt 1)
2025-07-03 15:12:51,845 INFO: SUCCESS: mapa-dados request: state=PR, L2=82008, year=2021 (attempt 1)
2025-07-03 15:12:53,688 INFO: SUCCESS: mapa-dados request: state=PR, L2=90004, year=2014 (attempt 1)
2025-07-03 15:12:55,532 INFO: SUCCESS: mapa-dados request: state=PR, L2=90005, year=2018 (attempt 1)
2025-07-03 15:12:57,376 INFO: SUCCESS: mapa-dados request: state=PR, L2=90006, year=2021 (attempt 1)
2025-07-03 15:12:59,219 INFO: SUCCESS: mapa-dados request: state=PR, L2=90007, year=2017 (attempt 1)
2025-07-03 15:13:01,268 INFO: SUCCESS: mapa-dados request: state=PR, L2=90008, year=2018 (attempt 1)
2025-07-03 15:13:03,314 INFO: SUCCESS: mapa-dados request: state=PR, L2=90009, year=2020 (attempt 1)
2025-07-03 15:13:05,158 INFO: SUCCESS: mapa-dados request: state=PR, L2=90010, year=2021 (attempt 1)
2025-07-03 15:13:07,001 INFO: SUCCESS: mapa-dados request: state=PR, L2=90011, year=2021 (attempt 1)
2025-07-03 15:13:08,747 INFO: SUCCESS: mapa-dados request: state=PR, L2=90012, year=2021 (attempt 1)
2025-07-03 15:13:10,585 INFO: SUCCESS: mapa-dados request: state=PR, L2=91004, year=2019 (attempt 1)
2025-07-03 15:13:12,634 INFO: SUCCESS: mapa-dados request: state=PR, L2=91005, year=2018 (attempt 1)
2025-07-03 15:13:14,681 INFO: SUCCESS: mapa-dados request: state=PR, L2=91006, year=2021 (attempt 1)
2025-07-03 15:13:16,527 INFO: SUCCESS: mapa-dados request: state=PR, L2=91007, year=2017 (attempt 1)
2025-07-03 15:13:18,368 INFO: SUCCESS: mapa-dados request: state=PR, L2=91008, year=2018 (attempt 1)
2025-07-03 15:13:20,211 INFO: SUCCESS: mapa-dados request: state=PR, L2=91009, year=2020 (attempt 1)
2025-07-03 15:13:22,259 INFO: SUCCESS: mapa-dados request: state=PR, L2=91010, year=2021 (attempt 1)
2025-07-03 15:13:24,105 INFO: SUCCESS: mapa-dados request: state=PR, L2=91011, year=2021 (attempt 1)
2025-07-03 15:13:25,536 INFO: SUCCESS: mapa-dados request: state=PR, L2=91012, year=2021 (attempt 1)
2025-07-03 15:13:27,319 INFO: SUCCESS: mapa-dados request: state=PR, L2=92004, year=2018 (attempt 1)
2025-07-03 15:13:29,121 INFO: SUCCESS: mapa-dados request: state=PR, L2=92005, year=2018 (attempt 1)
2025-07-03 15:13:31,167 INFO: SUCCESS: mapa-dados request: state=PR, L2=92006, year=2021 (attempt 1)
2025-07-03 15:13:33,216 INFO: SUCCESS: mapa-dados request: state=PR, L2=92007, year=2017 (attempt 1)
2025-07-03 15:13:35,060 INFO: SUCCESS: mapa-dados request: state=PR, L2=92008, year=2018 (attempt 1)
2025-07-03 15:13:37,119 INFO: SUCCESS: mapa-dados request: state=PR, L2=92009, year=2020 (attempt 1)
2025-07-03 15:13:38,540 INFO: SUCCESS: mapa-dados request: state=PR, L2=92010, year=2021 (attempt 1)
2025-07-03 15:13:40,384 INFO: SUCCESS: mapa-dados request: state=PR, L2=92011, year=2021 (attempt 1)
2025-07-03 15:13:41,817 INFO: SUCCESS: mapa-dados request: state=PR, L2=92012, year=2021 (attempt 1)
2025-07-03 15:13:43,866 INFO: SUCCESS: mapa-dados request: state=PR, L2=93004, year=2018 (attempt 1)
2025-07-03 15:13:45,709 INFO: SUCCESS: mapa-dados request: state=PR, L2=93005, year=2018 (attempt 1)
2025-07-03 15:13:47,554 INFO: SUCCESS: mapa-dados request: state=PR, L2=93006, year=2021 (attempt 1)
2025-07-03 15:13:49,602 INFO: SUCCESS: mapa-dados request: state=PR, L2=93007, year=2017 (attempt 1)
2025-07-03 15:13:51,034 INFO: SUCCESS: mapa-dados request: state=PR, L2=93008, year=2018 (attempt 1)
2025-07-03 15:13:52,877 INFO: SUCCESS: mapa-dados request: state=PR, L2=93009, year=2020 (attempt 1)
2025-07-03 15:13:54,720 INFO: SUCCESS: mapa-dados request: state=PR, L2=93010, year=2021 (attempt 1)
2025-07-03 15:13:56,563 INFO: SUCCESS: mapa-dados request: state=PR, L2=93011, year=2021 (attempt 1)
2025-07-03 15:13:58,409 INFO: SUCCESS: mapa-dados request: state=PR, L2=93012, year=2021 (attempt 1)
2025-07-03 15:14:00,250 INFO: SUCCESS: mapa-dados request: state=PR, L2=94004, year=2018 (attempt 1)
2025-07-03 15:14:01,683 INFO: SUCCESS: mapa-dados request: state=PR, L2=94005, year=2021 (attempt 1)
2025-07-03 15:14:03,322 INFO: SUCCESS: mapa-dados request: state=PR, L2=94006, year=2017 (attempt 1)
2025-07-03 15:14:05,167 INFO: SUCCESS: mapa-dados request: state=PR, L2=94007, year=2018 (attempt 1)
2025-07-03 15:14:07,008 INFO: SUCCESS: mapa-dados request: state=PR, L2=94008, year=2020 (attempt 1)
2025-07-03 15:14:08,851 INFO: SUCCESS: mapa-dados request: state=PR, L2=94009, year=2021 (attempt 1)
2025-07-03 15:14:10,694 INFO: SUCCESS: mapa-dados request: state=PR, L2=94010, year=2021 (attempt 1)
2025-07-03 15:14:11,779 INFO: SUCCESS: mapa-dados request: state=PR, L2=1006, year=2015 (attempt 1)
2025-07-03 15:14:12,873 INFO: SUCCESS: mapa-dados request: state=PR, L2=1007, year=2015 (attempt 1)
2025-07-03 15:14:13,974 INFO: SUCCESS: mapa-dados request: state=PR, L2=1008, year=2015 (attempt 1)
2025-07-03 15:14:15,078 INFO: SUCCESS: mapa-dados request: state=PR, L2=1009, year=2015 (attempt 1)
2025-07-03 15:14:16,179 INFO: SUCCESS: mapa-dados request: state=PR, L2=1010, year=2015 (attempt 1)
2025-07-03 15:14:17,281 INFO: SUCCESS: mapa-dados request: state=PR, L2=1011, year=2015 (attempt 1)
2025-07-03 15:14:18,381 INFO: SUCCESS: mapa-dados request: state=PR, L2=1012, year=2015 (attempt 1)
2025-07-03 15:14:19,488 INFO: SUCCESS: mapa-dados request: state=PR, L2=1013, year=2015 (attempt 1)
2025-07-03 15:14:21,346 INFO: SUCCESS: mapa-dados request: state=PR, L2=5006, year=2015 (attempt 1)
2025-07-03 15:14:23,197 INFO: SUCCESS: mapa-dados request: state=PR, L2=5007, year=2015 (attempt 1)
2025-07-03 15:14:25,239 INFO: SUCCESS: mapa-dados request: state=PR, L2=5008, year=2015 (attempt 1)
2025-07-03 15:14:27,086 INFO: SUCCESS: mapa-dados request: state=PR, L2=5009, year=2015 (attempt 1)
2025-07-03 15:14:28,852 INFO: SUCCESS: mapa-dados request: state=PR, L2=5010, year=2015 (attempt 1)
2025-07-03 15:14:30,880 INFO: SUCCESS: mapa-dados request: state=PR, L2=5011, year=2015 (attempt 1)
2025-07-03 15:14:32,712 INFO: SUCCESS: mapa-dados request: state=PR, L2=5012, year=2015 (attempt 1)
2025-07-03 15:14:34,477 INFO: SUCCESS: mapa-dados request: state=PR, L2=5013, year=2015 (attempt 1)
2025-07-03 15:14:36,298 INFO: SUCCESS: mapa-dados request: state=PR, L2=5014, year=2015 (attempt 1)
2025-07-03 15:14:38,350 INFO: SUCCESS: mapa-dados request: state=PR, L2=7506, year=2015 (attempt 1)
2025-07-03 15:14:40,394 INFO: SUCCESS: mapa-dados request: state=PR, L2=7507, year=2015 (attempt 1)
2025-07-03 15:14:42,238 INFO: SUCCESS: mapa-dados request: state=PR, L2=7508, year=2015 (attempt 1)
2025-07-03 15:14:44,081 INFO: SUCCESS: mapa-dados request: state=PR, L2=7509, year=2015 (attempt 1)
2025-07-03 15:14:45,924 INFO: SUCCESS: mapa-dados request: state=PR, L2=7510, year=2015 (attempt 1)
2025-07-03 15:14:47,356 INFO: SUCCESS: mapa-dados request: state=PR, L2=7511, year=2015 (attempt 1)
2025-07-03 15:14:49,201 INFO: SUCCESS: mapa-dados request: state=PR, L2=7512, year=2015 (attempt 1)
2025-07-03 15:14:51,044 INFO: SUCCESS: mapa-dados request: state=PR, L2=7513, year=2015 (attempt 1)
2025-07-03 15:14:52,887 INFO: SUCCESS: mapa-dados request: state=PR, L2=7514, year=2015 (attempt 1)
2025-07-03 15:14:54,669 INFO: SUCCESS: mapa-dados request: state=PR, L2=25006, year=2018 (attempt 1)
2025-07-03 15:14:56,674 INFO: SUCCESS: mapa-dados request: state=PR, L2=25007, year=2021 (attempt 1)
2025-07-03 15:14:58,727 INFO: SUCCESS: mapa-dados request: state=PR, L2=25008, year=2019 (attempt 1)
2025-07-03 15:15:00,567 INFO: SUCCESS: mapa-dados request: state=PR, L2=25009, year=2019 (attempt 1)
2025-07-03 15:15:02,413 INFO: SUCCESS: mapa-dados request: state=PR, L2=25010, year=2018 (attempt 1)
2025-07-03 15:15:04,461 INFO: SUCCESS: mapa-dados request: state=PR, L2=25011, year=2022 (attempt 1)
2025-07-03 15:15:06,308 INFO: SUCCESS: mapa-dados request: state=PR, L2=25012, year=2015 (attempt 1)
2025-07-03 15:15:08,350 INFO: SUCCESS: mapa-dados request: state=PR, L2=25013, year=2018 (attempt 1)
2025-07-03 15:15:10,193 INFO: SUCCESS: mapa-dados request: state=PR, L2=25014, year=2018 (attempt 1)
2025-07-03 15:15:12,037 INFO: SUCCESS: mapa-dados request: state=PR, L2=25015, year=2010 (attempt 1)
2025-07-03 15:15:13,881 INFO: SUCCESS: mapa-dados request: state=PR, L2=25016, year=2015 (attempt 1)
2025-07-03 15:15:15,723 INFO: SUCCESS: mapa-dados request: state=PR, L2=25017, year=2019 (attempt 1)
2025-07-03 15:15:17,567 INFO: SUCCESS: mapa-dados request: state=PR, L2=25018, year=2019 (attempt 1)
2025-07-03 15:15:19,413 INFO: SUCCESS: mapa-dados request: state=PR, L2=25019, year=2019 (attempt 1)
2025-07-03 15:15:21,458 INFO: SUCCESS: mapa-dados request: state=PR, L2=25020, year=2019 (attempt 1)
2025-07-03 15:15:23,233 INFO: SUCCESS: mapa-dados request: state=PR, L2=25021, year=2019 (attempt 1)
2025-07-03 15:15:25,041 INFO: SUCCESS: mapa-dados request: state=PR, L2=25022, year=2019 (attempt 1)
2025-07-03 15:15:26,796 INFO: SUCCESS: mapa-dados request: state=PR, L2=40006, year=2020 (attempt 1)
2025-07-03 15:15:28,216 INFO: SUCCESS: mapa-dados request: state=PR, L2=40007, year=2020 (attempt 1)
2025-07-03 15:15:29,650 INFO: SUCCESS: mapa-dados request: state=PR, L2=40106, year=2020 (attempt 1)
2025-07-03 15:15:31,493 INFO: SUCCESS: mapa-dados request: state=PR, L2=40107, year=2020 (attempt 1)
2025-07-03 15:15:33,541 INFO: SUCCESS: mapa-dados request: state=PR, L2=40206, year=2020 (attempt 1)
2025-07-03 15:15:35,336 INFO: SUCCESS: mapa-dados request: state=PR, L2=50006, year=2020 (attempt 1)
2025-07-03 15:15:37,231 INFO: SUCCESS: mapa-dados request: state=PR, L2=50007, year=2020 (attempt 1)
2025-07-03 15:15:39,082 INFO: SUCCESS: mapa-dados request: state=PR, L2=50008, year=2020 (attempt 1)
2025-07-03 15:15:41,118 INFO: SUCCESS: mapa-dados request: state=PR, L2=50009, year=2020 (attempt 1)
2025-07-03 15:15:42,964 INFO: SUCCESS: mapa-dados request: state=PR, L2=50010, year=2020 (attempt 1)
2025-07-03 15:15:44,805 INFO: SUCCESS: mapa-dados request: state=PR, L2=50011, year=2020 (attempt 1)
2025-07-03 15:15:46,239 INFO: SUCCESS: mapa-dados request: state=PR, L2=51006, year=2020 (attempt 1)
2025-07-03 15:15:48,082 INFO: SUCCESS: mapa-dados request: state=PR, L2=51007, year=2020 (attempt 1)
2025-07-03 15:15:50,130 INFO: SUCCESS: mapa-dados request: state=PR, L2=51008, year=2020 (attempt 1)
2025-07-03 15:15:51,973 INFO: SUCCESS: mapa-dados request: state=PR, L2=51009, year=2020 (attempt 1)
2025-07-03 15:15:53,808 INFO: SUCCESS: mapa-dados request: state=PR, L2=51010, year=2020 (attempt 1)
2025-07-03 15:15:55,659 INFO: SUCCESS: mapa-dados request: state=PR, L2=51011, year=2020 (attempt 1)
2025-07-03 15:15:57,504 INFO: SUCCESS: mapa-dados request: state=PR, L2=52006, year=2020 (attempt 1)
2025-07-03 15:15:59,551 INFO: SUCCESS: mapa-dados request: state=PR, L2=52007, year=2020 (attempt 1)
2025-07-03 15:16:01,396 INFO: SUCCESS: mapa-dados request: state=PR, L2=52008, year=2020 (attempt 1)
2025-07-03 15:16:02,828 INFO: SUCCESS: mapa-dados request: state=PR, L2=52009, year=2020 (attempt 1)
2025-07-03 15:16:04,467 INFO: SUCCESS: mapa-dados request: state=PR, L2=52010, year=2020 (attempt 1)
2025-07-03 15:16:06,310 INFO: SUCCESS: mapa-dados request: state=PR, L2=60006, year=2015 (attempt 1)
2025-07-03 15:16:08,152 INFO: SUCCESS: mapa-dados request: state=PR, L2=60007, year=2015 (attempt 1)
2025-07-03 15:16:09,996 INFO: SUCCESS: mapa-dados request: state=PR, L2=60008, year=2015 (attempt 1)
2025-07-03 15:16:11,839 INFO: SUCCESS: mapa-dados request: state=PR, L2=60009, year=2015 (attempt 1)
2025-07-03 15:16:13,888 INFO: SUCCESS: mapa-dados request: state=PR, L2=60010, year=2015 (attempt 1)
2025-07-03 15:16:15,730 INFO: SUCCESS: mapa-dados request: state=PR, L2=60011, year=2018 (attempt 1)
2025-07-03 15:16:17,574 INFO: SUCCESS: mapa-dados request: state=PR, L2=60012, year=2015 (attempt 1)
2025-07-03 15:16:18,675 INFO: SUCCESS: mapa-dados request: state=PR, L2=60106, year=2015 (attempt 1)
2025-07-03 15:16:20,544 INFO: SUCCESS: mapa-dados request: state=PR, L2=60107, year=2015 (attempt 1)
2025-07-03 15:16:22,390 INFO: SUCCESS: mapa-dados request: state=PR, L2=60108, year=2015 (attempt 1)
2025-07-03 15:16:24,230 INFO: SUCCESS: mapa-dados request: state=PR, L2=60109, year=2015 (attempt 1)
2025-07-03 15:16:26,073 INFO: SUCCESS: mapa-dados request: state=PR, L2=60110, year=2015 (attempt 1)
2025-07-03 15:16:27,917 INFO: SUCCESS: mapa-dados request: state=PR, L2=60111, year=2018 (attempt 1)
2025-07-03 15:16:29,764 INFO: SUCCESS: mapa-dados request: state=PR, L2=60112, year=2015 (attempt 1)
2025-07-03 15:16:30,863 INFO: SUCCESS: mapa-dados request: state=PR, L2=1014, year=2017 (attempt 1)
2025-07-03 15:16:31,955 INFO: SUCCESS: mapa-dados request: state=PR, L2=1015, year=2018 (attempt 1)
2025-07-03 15:16:33,061 INFO: SUCCESS: mapa-dados request: state=PR, L2=1016, year=2014 (attempt 1)
2025-07-03 15:16:34,164 INFO: SUCCESS: mapa-dados request: state=PR, L2=1017, year=2010 (attempt 1)
2025-07-03 15:16:35,267 INFO: SUCCESS: mapa-dados request: state=PR, L2=1018, year=2013 (attempt 1)
2025-07-03 15:16:36,355 INFO: SUCCESS: mapa-dados request: state=PR, L2=1019, year=2013 (attempt 1)
2025-07-03 15:16:37,453 INFO: SUCCESS: mapa-dados request: state=PR, L2=1020, year=2010 (attempt 1)
2025-07-03 15:16:38,564 INFO: SUCCESS: mapa-dados request: state=PR, L2=1021, year=2013 (attempt 1)
2025-07-03 15:16:39,664 INFO: SUCCESS: mapa-dados request: state=PR, L2=1022, year=2013 (attempt 1)
2025-07-03 15:16:40,762 INFO: SUCCESS: mapa-dados request: state=PR, L2=1023, year=2015 (attempt 1)
2025-07-03 15:16:41,884 INFO: SUCCESS: mapa-dados request: state=PR, L2=1024, year=2016 (attempt 1)
2025-07-03 15:16:42,982 INFO: SUCCESS: mapa-dados request: state=PR, L2=1025, year=2015 (attempt 1)
2025-07-03 15:16:44,096 INFO: SUCCESS: mapa-dados request: state=PR, L2=1026, year=2017 (attempt 1)
2025-07-03 15:16:45,206 INFO: SUCCESS: mapa-dados request: state=PR, L2=1027, year=2016 (attempt 1)
2025-07-03 15:16:46,304 INFO: SUCCESS: mapa-dados request: state=PR, L2=1028, year=2015 (attempt 1)
2025-07-03 15:16:47,398 INFO: SUCCESS: mapa-dados request: state=PR, L2=1029, year=2010 (attempt 1)
2025-07-03 15:16:48,485 INFO: SUCCESS: mapa-dados request: state=PR, L2=1030, year=2013 (attempt 1)
2025-07-03 15:16:49,665 INFO: SUCCESS: mapa-dados request: state=PR, L2=1031, year=2010 (attempt 1)
2025-07-03 15:16:50,763 INFO: SUCCESS: mapa-dados request: state=PR, L2=1032, year=2015 (attempt 1)
2025-07-03 15:16:51,860 INFO: SUCCESS: mapa-dados request: state=PR, L2=1033, year=2013 (attempt 1)
2025-07-03 15:16:52,969 INFO: SUCCESS: mapa-dados request: state=PR, L2=1034, year=2016 (attempt 1)
2025-07-03 15:16:54,072 INFO: SUCCESS: mapa-dados request: state=PR, L2=1035, year=2015 (attempt 1)
2025-07-03 15:16:55,172 INFO: SUCCESS: mapa-dados request: state=PR, L2=1036, year=2015 (attempt 1)
2025-07-03 15:16:57,101 INFO: SUCCESS: mapa-dados request: state=PR, L2=5015, year=2017 (attempt 1)
2025-07-03 15:16:58,945 INFO: SUCCESS: mapa-dados request: state=PR, L2=5016, year=2017 (attempt 1)
2025-07-03 15:17:00,787 INFO: SUCCESS: mapa-dados request: state=PR, L2=5017, year=2017 (attempt 1)
2025-07-03 15:17:02,630 INFO: SUCCESS: mapa-dados request: state=PR, L2=5018, year=2017 (attempt 1)
2025-07-03 15:17:04,478 INFO: SUCCESS: mapa-dados request: state=PR, L2=5019, year=2017 (attempt 1)
2025-07-03 15:17:06,521 INFO: SUCCESS: mapa-dados request: state=PR, L2=5020, year=2017 (attempt 1)
2025-07-03 15:17:08,364 INFO: SUCCESS: mapa-dados request: state=PR, L2=5021, year=2018 (attempt 1)
2025-07-03 15:17:09,798 INFO: SUCCESS: mapa-dados request: state=PR, L2=5022, year=2017 (attempt 1)
2025-07-03 15:17:11,641 INFO: SUCCESS: mapa-dados request: state=PR, L2=5023, year=2007 (attempt 1)
2025-07-03 15:17:13,484 INFO: SUCCESS: mapa-dados request: state=PR, L2=5024, year=2016 (attempt 1)
2025-07-03 15:17:14,918 INFO: SUCCESS: mapa-dados request: state=PR, L2=5025, year=2018 (attempt 1)
2025-07-03 15:17:16,888 INFO: SUCCESS: mapa-dados request: state=PR, L2=5026, year=2016 (attempt 1)
2025-07-03 15:17:18,296 INFO: SUCCESS: mapa-dados request: state=PR, L2=5027, year=2018 (attempt 1)
2025-07-03 15:17:20,141 INFO: SUCCESS: mapa-dados request: state=PR, L2=5028, year=2010 (attempt 1)
2025-07-03 15:17:21,984 INFO: SUCCESS: mapa-dados request: state=PR, L2=5029, year=2016 (attempt 1)
2025-07-03 15:17:23,807 INFO: SUCCESS: mapa-dados request: state=PR, L2=5030, year=2015 (attempt 1)
2025-07-03 15:17:25,878 INFO: SUCCESS: mapa-dados request: state=PR, L2=5031, year=2015 (attempt 1)
2025-07-03 15:17:27,722 INFO: SUCCESS: mapa-dados request: state=PR, L2=5032, year=2010 (attempt 1)
2025-07-03 15:17:29,563 INFO: SUCCESS: mapa-dados request: state=PR, L2=5033, year=2016 (attempt 1)
2025-07-03 15:17:31,409 INFO: SUCCESS: mapa-dados request: state=PR, L2=5034, year=2016 (attempt 1)
2025-07-03 15:17:33,248 INFO: SUCCESS: mapa-dados request: state=PR, L2=5035, year=2016 (attempt 1)
2025-07-03 15:17:35,296 INFO: SUCCESS: mapa-dados request: state=PR, L2=5036, year=2014 (attempt 1)
2025-07-03 15:17:37,139 INFO: SUCCESS: mapa-dados request: state=PR, L2=5037, year=2017 (attempt 1)
2025-07-03 15:17:38,985 INFO: SUCCESS: mapa-dados request: state=PR, L2=5038, year=2015 (attempt 1)
2025-07-03 15:17:40,825 INFO: SUCCESS: mapa-dados request: state=PR, L2=5039, year=2010 (attempt 1)
2025-07-03 15:17:42,885 INFO: SUCCESS: mapa-dados request: state=PR, L2=5040, year=2015 (attempt 1)
2025-07-03 15:17:44,717 INFO: SUCCESS: mapa-dados request: state=PR, L2=5041, year=2010 (attempt 1)
2025-07-03 15:17:46,565 INFO: SUCCESS: mapa-dados request: state=PR, L2=5042, year=2015 (attempt 1)
2025-07-03 15:17:48,409 INFO: SUCCESS: mapa-dados request: state=PR, L2=5043, year=2016 (attempt 1)
2025-07-03 15:17:50,247 INFO: SUCCESS: mapa-dados request: state=PR, L2=5044, year=2020 (attempt 1)
2025-07-03 15:17:51,680 INFO: SUCCESS: mapa-dados request: state=PR, L2=5045, year=2015 (attempt 1)
2025-07-03 15:17:53,524 INFO: SUCCESS: mapa-dados request: state=PR, L2=5046, year=2015 (attempt 1)
2025-07-03 15:17:55,365 INFO: SUCCESS: mapa-dados request: state=PR, L2=5047, year=2017 (attempt 1)
2025-07-03 15:17:57,415 INFO: SUCCESS: mapa-dados request: state=PR, L2=5048, year=2015 (attempt 1)
2025-07-03 15:17:59,258 INFO: SUCCESS: mapa-dados request: state=PR, L2=5049, year=2015 (attempt 1)
2025-07-03 15:18:01,101 INFO: SUCCESS: mapa-dados request: state=PR, L2=7515, year=2015 (attempt 1)
2025-07-03 15:18:02,944 INFO: SUCCESS: mapa-dados request: state=PR, L2=7516, year=2017 (attempt 1)
2025-07-03 15:18:04,787 INFO: SUCCESS: mapa-dados request: state=PR, L2=7517, year=2017 (attempt 1)
2025-07-03 15:18:06,775 INFO: SUCCESS: mapa-dados request: state=PR, L2=7518, year=2017 (attempt 1)
2025-07-03 15:18:08,577 INFO: SUCCESS: mapa-dados request: state=PR, L2=7519, year=2017 (attempt 1)
2025-07-03 15:18:10,423 INFO: SUCCESS: mapa-dados request: state=PR, L2=7520, year=2017 (attempt 1)
2025-07-03 15:18:12,265 INFO: SUCCESS: mapa-dados request: state=PR, L2=7521, year=2013 (attempt 1)
2025-07-03 15:18:14,239 INFO: SUCCESS: mapa-dados request: state=PR, L2=7522, year=2018 (attempt 1)
2025-07-03 15:18:16,051 INFO: SUCCESS: mapa-dados request: state=PR, L2=7523, year=2017 (attempt 1)
2025-07-03 15:18:18,100 INFO: SUCCESS: mapa-dados request: state=PR, L2=7524, year=2007 (attempt 1)
2025-07-03 15:18:19,948 INFO: SUCCESS: mapa-dados request: state=PR, L2=7525, year=2016 (attempt 1)
2025-07-03 15:18:21,379 INFO: SUCCESS: mapa-dados request: state=PR, L2=7526, year=2018 (attempt 1)
2025-07-03 15:18:23,218 INFO: SUCCESS: mapa-dados request: state=PR, L2=7527, year=2016 (attempt 1)
2025-07-03 15:18:25,063 INFO: SUCCESS: mapa-dados request: state=PR, L2=7528, year=2015 (attempt 1)
2025-07-03 15:18:26,905 INFO: SUCCESS: mapa-dados request: state=PR, L2=7529, year=2010 (attempt 1)
2025-07-03 15:18:28,749 INFO: SUCCESS: mapa-dados request: state=PR, L2=7530, year=2016 (attempt 1)
2025-07-03 15:18:30,596 INFO: SUCCESS: mapa-dados request: state=PR, L2=7531, year=2015 (attempt 1)
2025-07-03 15:18:32,436 INFO: SUCCESS: mapa-dados request: state=PR, L2=7532, year=2015 (attempt 1)
2025-07-03 15:18:34,280 INFO: SUCCESS: mapa-dados request: state=PR, L2=7533, year=2010 (attempt 1)
2025-07-03 15:18:36,123 INFO: SUCCESS: mapa-dados request: state=PR, L2=7534, year=2016 (attempt 1)
2025-07-03 15:18:38,171 INFO: SUCCESS: mapa-dados request: state=PR, L2=7535, year=2016 (attempt 1)
2025-07-03 15:18:39,562 INFO: SUCCESS: mapa-dados request: state=PR, L2=7536, year=2015 (attempt 1)
2025-07-03 15:18:41,447 INFO: SUCCESS: mapa-dados request: state=PR, L2=7537, year=2017 (attempt 1)
2025-07-03 15:18:43,289 INFO: SUCCESS: mapa-dados request: state=PR, L2=7538, year=2017 (attempt 1)
2025-07-03 15:18:45,134 INFO: SUCCESS: mapa-dados request: state=PR, L2=7539, year=2015 (attempt 1)
2025-07-03 15:18:46,976 INFO: SUCCESS: mapa-dados request: state=PR, L2=7540, year=2014 (attempt 1)
2025-07-03 15:18:48,823 INFO: SUCCESS: mapa-dados request: state=PR, L2=7541, year=2010 (attempt 1)
2025-07-03 15:18:50,663 INFO: SUCCESS: mapa-dados request: state=PR, L2=7542, year=2015 (attempt 1)
2025-07-03 15:18:52,097 INFO: SUCCESS: mapa-dados request: state=PR, L2=7543, year=2016 (attempt 1)
2025-07-03 15:18:53,861 INFO: SUCCESS: mapa-dados request: state=PR, L2=7544, year=2010 (attempt 1)
2025-07-03 15:18:55,680 INFO: SUCCESS: mapa-dados request: state=PR, L2=7545, year=2015 (attempt 1)
2025-07-03 15:18:57,523 INFO: SUCCESS: mapa-dados request: state=PR, L2=7546, year=2015 (attempt 1)
2025-07-03 15:18:59,285 INFO: SUCCESS: mapa-dados request: state=PR, L2=7547, year=2017 (attempt 1)
2025-07-03 15:19:01,109 INFO: SUCCESS: mapa-dados request: state=PR, L2=7548, year=2015 (attempt 1)
2025-07-03 15:19:02,951 INFO: SUCCESS: mapa-dados request: state=PR, L2=7549, year=2015 (attempt 1)
2025-07-03 15:19:05,005 INFO: SUCCESS: mapa-dados request: state=PR, L2=40008, year=2020 (attempt 1)
2025-07-03 15:19:06,947 INFO: SUCCESS: mapa-dados request: state=PR, L2=40009, year=2019 (attempt 1)
2025-07-03 15:19:08,788 INFO: SUCCESS: mapa-dados request: state=PR, L2=40010, year=2020 (attempt 1)
2025-07-03 15:19:10,743 INFO: SUCCESS: mapa-dados request: state=PR, L2=40011, year=2020 (attempt 1)
2025-07-03 15:19:12,578 INFO: SUCCESS: mapa-dados request: state=PR, L2=40012, year=2020 (attempt 1)
2025-07-03 15:19:14,425 INFO: SUCCESS: mapa-dados request: state=PR, L2=40013, year=2020 (attempt 1)
2025-07-03 15:19:16,264 INFO: SUCCESS: mapa-dados request: state=PR, L2=40014, year=2020 (attempt 1)
2025-07-03 15:19:18,107 INFO: SUCCESS: mapa-dados request: state=PR, L2=40015, year=2020 (attempt 1)
2025-07-03 15:19:19,954 INFO: SUCCESS: mapa-dados request: state=PR, L2=40016, year=2020 (attempt 1)
2025-07-03 15:19:21,708 INFO: SUCCESS: mapa-dados request: state=PR, L2=40017, year=2020 (attempt 1)
2025-07-03 15:19:23,532 INFO: SUCCESS: mapa-dados request: state=PR, L2=40018, year=2020 (attempt 1)
2025-07-03 15:19:25,295 INFO: SUCCESS: mapa-dados request: state=PR, L2=40019, year=2020 (attempt 1)
2025-07-03 15:19:27,118 INFO: SUCCESS: mapa-dados request: state=PR, L2=40020, year=2020 (attempt 1)
2025-07-03 15:19:28,962 INFO: SUCCESS: mapa-dados request: state=PR, L2=40021, year=2020 (attempt 1)
2025-07-03 15:19:30,805 INFO: SUCCESS: mapa-dados request: state=PR, L2=40022, year=2020 (attempt 1)
2025-07-03 15:19:32,648 INFO: SUCCESS: mapa-dados request: state=PR, L2=40023, year=2020 (attempt 1)
2025-07-03 15:19:34,081 INFO: SUCCESS: mapa-dados request: state=PR, L2=40024, year=2019 (attempt 1)
2025-07-03 15:19:36,026 INFO: SUCCESS: mapa-dados request: state=PR, L2=40025, year=2019 (attempt 1)
2025-07-03 15:19:37,870 INFO: SUCCESS: mapa-dados request: state=PR, L2=40026, year=2020 (attempt 1)
2025-07-03 15:19:39,712 INFO: SUCCESS: mapa-dados request: state=PR, L2=40027, year=2020 (attempt 1)
2025-07-03 15:19:41,556 INFO: SUCCESS: mapa-dados request: state=PR, L2=40108, year=2020 (attempt 1)
2025-07-03 15:19:43,401 INFO: SUCCESS: mapa-dados request: state=PR, L2=40109, year=2020 (attempt 1)
2025-07-03 15:19:44,834 INFO: SUCCESS: mapa-dados request: state=PR, L2=40110, year=2020 (attempt 1)
2025-07-03 15:19:46,677 INFO: SUCCESS: mapa-dados request: state=PR, L2=40111, year=2020 (attempt 1)
2025-07-03 15:19:48,520 INFO: SUCCESS: mapa-dados request: state=PR, L2=40112, year=2020 (attempt 1)
2025-07-03 15:19:50,365 INFO: SUCCESS: mapa-dados request: state=PR, L2=40113, year=2020 (attempt 1)
2025-07-03 15:19:52,211 INFO: SUCCESS: mapa-dados request: state=PR, L2=40114, year=2020 (attempt 1)
2025-07-03 15:19:54,051 INFO: SUCCESS: mapa-dados request: state=PR, L2=40115, year=2020 (attempt 1)
2025-07-03 15:19:55,893 INFO: SUCCESS: mapa-dados request: state=PR, L2=40116, year=2020 (attempt 1)
2025-07-03 15:19:57,327 INFO: SUCCESS: mapa-dados request: state=PR, L2=40117, year=2020 (attempt 1)
2025-07-03 15:19:59,168 INFO: SUCCESS: mapa-dados request: state=PR, L2=40118, year=2020 (attempt 1)
2025-07-03 15:20:01,014 INFO: SUCCESS: mapa-dados request: state=PR, L2=40119, year=2020 (attempt 1)
2025-07-03 15:20:02,856 INFO: SUCCESS: mapa-dados request: state=PR, L2=40120, year=2020 (attempt 1)
2025-07-03 15:20:04,908 INFO: SUCCESS: mapa-dados request: state=PR, L2=40121, year=2020 (attempt 1)
2025-07-03 15:20:06,850 INFO: SUCCESS: mapa-dados request: state=PR, L2=40122, year=2020 (attempt 1)
2025-07-03 15:20:08,693 INFO: SUCCESS: mapa-dados request: state=PR, L2=40123, year=2020 (attempt 1)
2025-07-03 15:20:10,535 INFO: SUCCESS: mapa-dados request: state=PR, L2=40124, year=2019 (attempt 1)
2025-07-03 15:20:12,380 INFO: SUCCESS: mapa-dados request: state=PR, L2=40125, year=2019 (attempt 1)
2025-07-03 15:20:14,222 INFO: SUCCESS: mapa-dados request: state=PR, L2=40126, year=2020 (attempt 1)
2025-07-03 15:20:16,066 INFO: SUCCESS: mapa-dados request: state=PR, L2=40207, year=2020 (attempt 1)
2025-07-03 15:20:17,909 INFO: SUCCESS: mapa-dados request: state=PR, L2=40208, year=2020 (attempt 1)
2025-07-03 15:20:19,752 INFO: SUCCESS: mapa-dados request: state=PR, L2=40209, year=2020 (attempt 1)
2025-07-03 15:20:21,189 INFO: SUCCESS: mapa-dados request: state=PR, L2=40210, year=2020 (attempt 1)
2025-07-03 15:20:23,035 INFO: SUCCESS: mapa-dados request: state=PR, L2=40211, year=2020 (attempt 1)
2025-07-03 15:20:24,875 INFO: SUCCESS: mapa-dados request: state=PR, L2=40212, year=2020 (attempt 1)
2025-07-03 15:20:26,724 INFO: SUCCESS: mapa-dados request: state=PR, L2=40213, year=2020 (attempt 1)
2025-07-03 15:20:28,559 INFO: SUCCESS: mapa-dados request: state=PR, L2=40214, year=2020 (attempt 1)
2025-07-03 15:20:30,405 INFO: SUCCESS: mapa-dados request: state=PR, L2=40215, year=2020 (attempt 1)
2025-07-03 15:20:32,246 INFO: SUCCESS: mapa-dados request: state=PR, L2=40216, year=2020 (attempt 1)
2025-07-03 15:20:33,678 INFO: SUCCESS: mapa-dados request: state=PR, L2=40217, year=2020 (attempt 1)
2025-07-03 15:20:35,520 INFO: SUCCESS: mapa-dados request: state=PR, L2=40218, year=2020 (attempt 1)
2025-07-03 15:20:37,365 INFO: SUCCESS: mapa-dados request: state=PR, L2=40219, year=2019 (attempt 1)
2025-07-03 15:20:38,735 INFO: SUCCESS: mapa-dados request: state=PR, L2=40220, year=2019 (attempt 1)
2025-07-03 15:20:40,540 INFO: SUCCESS: mapa-dados request: state=PR, L2=40221, year=2020 (attempt 1)
2025-07-03 15:20:42,388 INFO: SUCCESS: mapa-dados request: state=PR, L2=50012, year=2010 (attempt 1)
2025-07-03 15:20:43,821 INFO: SUCCESS: mapa-dados request: state=PR, L2=50013, year=2010 (attempt 1)
2025-07-03 15:20:45,662 INFO: SUCCESS: mapa-dados request: state=PR, L2=50014, year=2019 (attempt 1)
2025-07-03 15:20:47,502 INFO: SUCCESS: mapa-dados request: state=PR, L2=50015, year=2010 (attempt 1)
2025-07-03 15:20:49,346 INFO: SUCCESS: mapa-dados request: state=PR, L2=50016, year=2019 (attempt 1)
2025-07-03 15:20:51,189 INFO: SUCCESS: mapa-dados request: state=PR, L2=50017, year=2019 (attempt 1)
2025-07-03 15:20:53,035 INFO: SUCCESS: mapa-dados request: state=PR, L2=50018, year=2020 (attempt 1)
2025-07-03 15:20:54,885 INFO: SUCCESS: mapa-dados request: state=PR, L2=50019, year=2021 (attempt 1)
2025-07-03 15:20:56,719 INFO: SUCCESS: mapa-dados request: state=PR, L2=50020, year=2021 (attempt 1)
2025-07-03 15:20:58,563 INFO: SUCCESS: mapa-dados request: state=PR, L2=50021, year=2014 (attempt 1)
2025-07-03 15:21:00,409 INFO: SUCCESS: mapa-dados request: state=PR, L2=50022, year=2020 (attempt 1)
2025-07-03 15:21:02,247 INFO: SUCCESS: mapa-dados request: state=PR, L2=50023, year=2020 (attempt 1)
2025-07-03 15:21:04,092 INFO: SUCCESS: mapa-dados request: state=PR, L2=50024, year=2010 (attempt 1)
2025-07-03 15:21:06,140 INFO: SUCCESS: mapa-dados request: state=PR, L2=50025, year=2020 (attempt 1)
2025-07-03 15:21:07,984 INFO: SUCCESS: mapa-dados request: state=PR, L2=50026, year=2020 (attempt 1)
2025-07-03 15:21:09,827 INFO: SUCCESS: mapa-dados request: state=PR, L2=50027, year=2020 (attempt 1)
2025-07-03 15:21:11,670 INFO: SUCCESS: mapa-dados request: state=PR, L2=50028, year=2020 (attempt 1)
2025-07-03 15:21:13,514 INFO: SUCCESS: mapa-dados request: state=PR, L2=51012, year=2010 (attempt 1)
2025-07-03 15:21:15,362 INFO: SUCCESS: mapa-dados request: state=PR, L2=51013, year=2010 (attempt 1)
2025-07-03 15:21:17,201 INFO: SUCCESS: mapa-dados request: state=PR, L2=51014, year=2010 (attempt 1)
2025-07-03 15:21:19,248 INFO: SUCCESS: mapa-dados request: state=PR, L2=51015, year=2013 (attempt 1)
2025-07-03 15:21:21,090 INFO: SUCCESS: mapa-dados request: state=PR, L2=51016, year=2020 (attempt 1)
2025-07-03 15:21:22,936 INFO: SUCCESS: mapa-dados request: state=PR, L2=51017, year=2021 (attempt 1)
2025-07-03 15:21:24,716 INFO: SUCCESS: mapa-dados request: state=PR, L2=51018, year=2014 (attempt 1)
2025-07-03 15:21:26,621 INFO: SUCCESS: mapa-dados request: state=PR, L2=51019, year=2010 (attempt 1)
2025-07-03 15:21:28,464 INFO: SUCCESS: mapa-dados request: state=PR, L2=51020, year=2020 (attempt 1)
2025-07-03 15:21:30,308 INFO: SUCCESS: mapa-dados request: state=PR, L2=51021, year=2020 (attempt 1)
2025-07-03 15:21:32,150 INFO: SUCCESS: mapa-dados request: state=PR, L2=51022, year=2020 (attempt 1)
2025-07-03 15:21:33,994 INFO: SUCCESS: mapa-dados request: state=PR, L2=51023, year=2020 (attempt 1)
2025-07-03 15:21:35,837 INFO: SUCCESS: mapa-dados request: state=PR, L2=51024, year=2020 (attempt 1)
2025-07-03 15:21:37,680 INFO: SUCCESS: mapa-dados request: state=PR, L2=52011, year=2010 (attempt 1)
2025-07-03 15:21:39,526 INFO: SUCCESS: mapa-dados request: state=PR, L2=52012, year=2010 (attempt 1)
2025-07-03 15:21:41,571 INFO: SUCCESS: mapa-dados request: state=PR, L2=52013, year=2013 (attempt 1)
2025-07-03 15:21:43,415 INFO: SUCCESS: mapa-dados request: state=PR, L2=52014, year=2020 (attempt 1)
2025-07-03 15:21:45,258 INFO: SUCCESS: mapa-dados request: state=PR, L2=52015, year=2021 (attempt 1)
2025-07-03 15:21:47,105 INFO: SUCCESS: mapa-dados request: state=PR, L2=52016, year=2014 (attempt 1)
2025-07-03 15:21:48,946 INFO: SUCCESS: mapa-dados request: state=PR, L2=52017, year=2020 (attempt 1)
2025-07-03 15:21:50,707 INFO: SUCCESS: mapa-dados request: state=PR, L2=52018, year=2020 (attempt 1)
2025-07-03 15:21:52,119 INFO: SUCCESS: mapa-dados request: state=PR, L2=52019, year=2020 (attempt 1)
2025-07-03 15:21:53,883 INFO: SUCCESS: mapa-dados request: state=PR, L2=52020, year=2020 (attempt 1)
2025-07-03 15:21:55,707 INFO: SUCCESS: mapa-dados request: state=PR, L2=60013, year=2016 (attempt 1)
2025-07-03 15:21:57,546 INFO: SUCCESS: mapa-dados request: state=PR, L2=60014, year=2015 (attempt 1)
2025-07-03 15:21:59,389 INFO: SUCCESS: mapa-dados request: state=PR, L2=60015, year=2015 (attempt 1)
2025-07-03 15:22:01,238 INFO: SUCCESS: mapa-dados request: state=PR, L2=60016, year=2015 (attempt 1)
2025-07-03 15:22:03,075 INFO: SUCCESS: mapa-dados request: state=PR, L2=60017, year=2015 (attempt 1)
2025-07-03 15:22:04,511 INFO: SUCCESS: mapa-dados request: state=PR, L2=60018, year=2020 (attempt 1)
2025-07-03 15:22:06,673 INFO: SUCCESS: mapa-dados request: state=PR, L2=60019, year=2020 (attempt 1)
2025-07-03 15:22:08,508 INFO: SUCCESS: mapa-dados request: state=PR, L2=60020, year=2020 (attempt 1)
2025-07-03 15:22:10,347 INFO: SUCCESS: mapa-dados request: state=PR, L2=60021, year=2020 (attempt 1)
2025-07-03 15:22:12,189 INFO: SUCCESS: mapa-dados request: state=PR, L2=60022, year=2020 (attempt 1)
2025-07-03 15:22:14,033 INFO: SUCCESS: mapa-dados request: state=PR, L2=60023, year=2020 (attempt 1)
2025-07-03 15:22:15,876 INFO: SUCCESS: mapa-dados request: state=PR, L2=60024, year=2020 (attempt 1)
2025-07-03 15:22:17,309 INFO: SUCCESS: mapa-dados request: state=PR, L2=60025, year=2020 (attempt 1)
2025-07-03 15:22:19,151 INFO: SUCCESS: mapa-dados request: state=PR, L2=60026, year=2020 (attempt 1)
2025-07-03 15:22:20,934 INFO: SUCCESS: mapa-dados request: state=PR, L2=60027, year=2020 (attempt 1)
2025-07-03 15:22:22,707 INFO: SUCCESS: mapa-dados request: state=PR, L2=60028, year=2015 (attempt 1)
2025-07-03 15:22:24,579 INFO: SUCCESS: mapa-dados request: state=PR, L2=60029, year=2016 (attempt 1)
2025-07-03 15:22:26,424 INFO: SUCCESS: mapa-dados request: state=PR, L2=60030, year=2010 (attempt 1)
2025-07-03 15:22:28,266 INFO: SUCCESS: mapa-dados request: state=PR, L2=60031, year=2010 (attempt 1)
2025-07-03 15:22:30,113 INFO: SUCCESS: mapa-dados request: state=PR, L2=60032, year=2010 (attempt 1)
2025-07-03 15:22:31,954 INFO: SUCCESS: mapa-dados request: state=PR, L2=60033, year=2010 (attempt 1)
2025-07-03 15:22:33,794 INFO: SUCCESS: mapa-dados request: state=PR, L2=60034, year=2020 (attempt 1)
2025-07-03 15:22:35,639 INFO: SUCCESS: mapa-dados request: state=PR, L2=60035, year=2015 (attempt 1)
2025-07-03 15:22:37,481 INFO: SUCCESS: mapa-dados request: state=PR, L2=60036, year=2017 (attempt 1)
2025-07-03 15:22:39,326 INFO: SUCCESS: mapa-dados request: state=PR, L2=60037, year=2015 (attempt 1)
2025-07-03 15:22:41,271 INFO: SUCCESS: mapa-dados request: state=PR, L2=60038, year=2018 (attempt 1)
2025-07-03 15:22:43,117 INFO: SUCCESS: mapa-dados request: state=PR, L2=60039, year=2015 (attempt 1)
2025-07-03 15:22:44,960 INFO: SUCCESS: mapa-dados request: state=PR, L2=60113, year=2016 (attempt 1)
2025-07-03 15:22:46,803 INFO: SUCCESS: mapa-dados request: state=PR, L2=60114, year=2015 (attempt 1)
2025-07-03 15:22:48,644 INFO: SUCCESS: mapa-dados request: state=PR, L2=60115, year=2015 (attempt 1)
2025-07-03 15:22:50,488 INFO: SUCCESS: mapa-dados request: state=PR, L2=60116, year=2015 (attempt 1)
2025-07-03 15:22:52,331 INFO: SUCCESS: mapa-dados request: state=PR, L2=60117, year=2015 (attempt 1)
2025-07-03 15:22:53,764 INFO: SUCCESS: mapa-dados request: state=PR, L2=60118, year=2020 (attempt 1)
2025-07-03 15:22:55,607 INFO: SUCCESS: mapa-dados request: state=PR, L2=60119, year=2020 (attempt 1)
2025-07-03 15:22:57,451 INFO: SUCCESS: mapa-dados request: state=PR, L2=60120, year=2020 (attempt 1)
2025-07-03 15:22:58,826 INFO: SUCCESS: mapa-dados request: state=PR, L2=60121, year=2020 (attempt 1)
2025-07-03 15:23:00,626 INFO: SUCCESS: mapa-dados request: state=PR, L2=60122, year=2020 (attempt 1)
2025-07-03 15:23:02,059 INFO: SUCCESS: mapa-dados request: state=PR, L2=60123, year=2020 (attempt 1)
2025-07-03 15:23:03,900 INFO: SUCCESS: mapa-dados request: state=PR, L2=60124, year=2020 (attempt 1)
2025-07-03 15:23:05,745 INFO: SUCCESS: mapa-dados request: state=PR, L2=60125, year=2020 (attempt 1)
2025-07-03 15:23:07,386 INFO: SUCCESS: mapa-dados request: state=PR, L2=60126, year=2020 (attempt 1)
2025-07-03 15:23:09,228 INFO: SUCCESS: mapa-dados request: state=PR, L2=60127, year=2020 (attempt 1)
2025-07-03 15:23:11,070 INFO: SUCCESS: mapa-dados request: state=PR, L2=60128, year=2015 (attempt 1)
2025-07-03 15:23:12,914 INFO: SUCCESS: mapa-dados request: state=PR, L2=60129, year=2016 (attempt 1)
2025-07-03 15:23:14,757 INFO: SUCCESS: mapa-dados request: state=PR, L2=60130, year=2010 (attempt 1)
2025-07-03 15:23:16,624 INFO: SUCCESS: mapa-dados request: state=PR, L2=60131, year=2010 (attempt 1)
2025-07-03 15:23:18,033 INFO: SUCCESS: mapa-dados request: state=PR, L2=60132, year=2010 (attempt 1)
2025-07-03 15:23:19,878 INFO: SUCCESS: mapa-dados request: state=PR, L2=60133, year=2010 (attempt 1)
2025-07-03 15:23:21,718 INFO: SUCCESS: mapa-dados request: state=PR, L2=60134, year=2020 (attempt 1)
2025-07-03 15:23:23,766 INFO: SUCCESS: mapa-dados request: state=PR, L2=60135, year=2015 (attempt 1)
2025-07-03 15:23:25,612 INFO: SUCCESS: mapa-dados request: state=PR, L2=60136, year=2017 (attempt 1)
2025-07-03 15:23:27,659 INFO: SUCCESS: mapa-dados request: state=PR, L2=60137, year=2015 (attempt 1)
2025-07-03 15:23:29,505 INFO: SUCCESS: mapa-dados request: state=PR, L2=60138, year=2018 (attempt 1)
2025-07-03 15:23:31,346 INFO: SUCCESS: mapa-dados request: state=PR, L2=60139, year=2015 (attempt 1)
2025-07-03 15:23:32,359 INFO: === Batch Ingestor Finished: 490 indicators processed with success, 0 failures ===
